[2021-06-14 18:34:31Z INFO HostContext] No proxy settings were found based on environmental variables (http_proxy/https_proxy/HTTP_PROXY/HTTPS_PROXY)
[2021-06-14 18:34:31Z INFO HostContext] Well known directory 'Bin': 'E:\FH 4. Semester\SPW\3. Hue\spw_2048\actions-runner\actions-runner-win-x64-2.278.0\bin'
[2021-06-14 18:34:31Z INFO HostContext] Well known directory 'Root': 'E:\FH 4. Semester\SPW\3. Hue\spw_2048\actions-runner\actions-runner-win-x64-2.278.0'
[2021-06-14 18:34:31Z INFO HostContext] Well known config file 'Credentials': 'E:\FH 4. Semester\SPW\3. Hue\spw_2048\actions-runner\actions-runner-win-x64-2.278.0\.credentials'
[2021-06-14 18:34:31Z INFO Listener] Runner is built for Windows (X64) - win-x64.
[2021-06-14 18:34:31Z INFO Listener] RuntimeInformation: Microsoft Windows 10.0.19042.
[2021-06-14 18:34:31Z INFO Listener] Version: 2.278.0
[2021-06-14 18:34:31Z INFO Listener] Commit: 62d926efce35d3ea16d7624a25aaa5b300737def
[2021-06-14 18:34:31Z INFO Listener] Culture: de-AT
[2021-06-14 18:34:31Z INFO Listener] UI Culture: de-DE
[2021-06-14 18:34:31Z INFO HostContext] Well known directory 'Bin': 'E:\FH 4. Semester\SPW\3. Hue\spw_2048\actions-runner\actions-runner-win-x64-2.278.0\bin'
[2021-06-14 18:34:31Z INFO HostContext] Well known directory 'Root': 'E:\FH 4. Semester\SPW\3. Hue\spw_2048\actions-runner\actions-runner-win-x64-2.278.0'
[2021-06-14 18:34:31Z INFO Listener] Validating directory permissions for: 'E:\FH 4. Semester\SPW\3. Hue\spw_2048\actions-runner\actions-runner-win-x64-2.278.0'
[2021-06-14 18:34:31Z INFO CommandLineParser] Parse
[2021-06-14 18:34:31Z INFO CommandLineParser] Parsing 1 args
[2021-06-14 18:34:31Z INFO CommandLineParser] parsing argument
[2021-06-14 18:34:31Z INFO CommandLineParser] HasArgs: False
[2021-06-14 18:34:31Z INFO CommandLineParser] Adding Command: run
[2021-06-14 18:34:31Z INFO Listener] Arguments parsed
[2021-06-14 18:34:31Z INFO Runner] ExecuteCommand
[2021-06-14 18:34:31Z INFO ConfigurationStore] currentAssemblyLocation: E:\FH 4. Semester\SPW\3. Hue\spw_2048\actions-runner\actions-runner-win-x64-2.278.0\bin\Runner.Listener.dll
[2021-06-14 18:34:31Z INFO HostContext] Well known directory 'Bin': 'E:\FH 4. Semester\SPW\3. Hue\spw_2048\actions-runner\actions-runner-win-x64-2.278.0\bin'
[2021-06-14 18:34:31Z INFO ConfigurationStore] binPath: E:\FH 4. Semester\SPW\3. Hue\spw_2048\actions-runner\actions-runner-win-x64-2.278.0\bin
[2021-06-14 18:34:31Z INFO HostContext] Well known directory 'Bin': 'E:\FH 4. Semester\SPW\3. Hue\spw_2048\actions-runner\actions-runner-win-x64-2.278.0\bin'
[2021-06-14 18:34:31Z INFO HostContext] Well known directory 'Root': 'E:\FH 4. Semester\SPW\3. Hue\spw_2048\actions-runner\actions-runner-win-x64-2.278.0'
[2021-06-14 18:34:31Z INFO ConfigurationStore] RootFolder: E:\FH 4. Semester\SPW\3. Hue\spw_2048\actions-runner\actions-runner-win-x64-2.278.0
[2021-06-14 18:34:31Z INFO HostContext] Well known directory 'Bin': 'E:\FH 4. Semester\SPW\3. Hue\spw_2048\actions-runner\actions-runner-win-x64-2.278.0\bin'
[2021-06-14 18:34:31Z INFO HostContext] Well known directory 'Root': 'E:\FH 4. Semester\SPW\3. Hue\spw_2048\actions-runner\actions-runner-win-x64-2.278.0'
[2021-06-14 18:34:31Z INFO HostContext] Well known config file 'Runner': 'E:\FH 4. Semester\SPW\3. Hue\spw_2048\actions-runner\actions-runner-win-x64-2.278.0\.runner'
[2021-06-14 18:34:31Z INFO ConfigurationStore] ConfigFilePath: E:\FH 4. Semester\SPW\3. Hue\spw_2048\actions-runner\actions-runner-win-x64-2.278.0\.runner
[2021-06-14 18:34:31Z INFO HostContext] Well known directory 'Bin': 'E:\FH 4. Semester\SPW\3. Hue\spw_2048\actions-runner\actions-runner-win-x64-2.278.0\bin'
[2021-06-14 18:34:31Z INFO HostContext] Well known directory 'Root': 'E:\FH 4. Semester\SPW\3. Hue\spw_2048\actions-runner\actions-runner-win-x64-2.278.0'
[2021-06-14 18:34:31Z INFO HostContext] Well known config file 'Credentials': 'E:\FH 4. Semester\SPW\3. Hue\spw_2048\actions-runner\actions-runner-win-x64-2.278.0\.credentials'
[2021-06-14 18:34:31Z INFO ConfigurationStore] CredFilePath: E:\FH 4. Semester\SPW\3. Hue\spw_2048\actions-runner\actions-runner-win-x64-2.278.0\.credentials
[2021-06-14 18:34:31Z INFO HostContext] Well known directory 'Bin': 'E:\FH 4. Semester\SPW\3. Hue\spw_2048\actions-runner\actions-runner-win-x64-2.278.0\bin'
[2021-06-14 18:34:31Z INFO HostContext] Well known directory 'Root': 'E:\FH 4. Semester\SPW\3. Hue\spw_2048\actions-runner\actions-runner-win-x64-2.278.0'
[2021-06-14 18:34:31Z INFO HostContext] Well known config file 'MigratedCredentials': 'E:\FH 4. Semester\SPW\3. Hue\spw_2048\actions-runner\actions-runner-win-x64-2.278.0\.credentials_migrated'
[2021-06-14 18:34:31Z INFO ConfigurationStore] MigratedCredFilePath: E:\FH 4. Semester\SPW\3. Hue\spw_2048\actions-runner\actions-runner-win-x64-2.278.0\.credentials_migrated
[2021-06-14 18:34:31Z INFO HostContext] Well known directory 'Bin': 'E:\FH 4. Semester\SPW\3. Hue\spw_2048\actions-runner\actions-runner-win-x64-2.278.0\bin'
[2021-06-14 18:34:31Z INFO HostContext] Well known directory 'Root': 'E:\FH 4. Semester\SPW\3. Hue\spw_2048\actions-runner\actions-runner-win-x64-2.278.0'
[2021-06-14 18:34:31Z INFO HostContext] Well known config file 'Service': 'E:\FH 4. Semester\SPW\3. Hue\spw_2048\actions-runner\actions-runner-win-x64-2.278.0\.service'
[2021-06-14 18:34:31Z INFO ConfigurationStore] ServiceConfigFilePath: E:\FH 4. Semester\SPW\3. Hue\spw_2048\actions-runner\actions-runner-win-x64-2.278.0\.service
[2021-06-14 18:34:31Z INFO CommandSettings] Flag 'help': 'False'
[2021-06-14 18:34:31Z INFO CommandSettings] Flag 'version': 'False'
[2021-06-14 18:34:31Z INFO CommandSettings] Flag 'commit': 'False'
[2021-06-14 18:34:31Z INFO CommandSettings] Flag 'check': 'False'
[2021-06-14 18:34:31Z INFO CommandSettings] Command 'configure': 'False'
[2021-06-14 18:34:31Z INFO CommandSettings] Command 'remove': 'False'
[2021-06-14 18:34:31Z INFO CommandSettings] Command 'warmup': 'False'
[2021-06-14 18:34:31Z INFO ConfigurationManager] LoadSettings
[2021-06-14 18:34:31Z INFO ConfigurationStore] IsConfigured()
[2021-06-14 18:34:31Z INFO ConfigurationStore] IsConfigured: False
[2021-06-14 18:34:31Z INFO ConfigurationManager] Is configured: False
[2021-06-14 18:34:31Z ERR  Terminal] WRITE ERROR: An error occurred: Not configured
[2021-06-14 18:34:31Z ERR  Listener] System.InvalidOperationException: Not configured
   at GitHub.Runner.Listener.Configuration.ConfigurationManager.LoadSettings()
   at GitHub.Runner.Listener.Runner.ExecuteCommand(CommandSettings command)
   at GitHub.Runner.Listener.Program.MainAsync(IHostContext context, String[] args)
